-------------------------------------------------------------------------------
Test set: com.Restaurante.RestauranteBackendApplicationTests
-------------------------------------------------------------------------------
Tests run: 1, Failures: 0, Errors: 1, Skipped: 0, Time elapsed: 1.341 s <<< FAILURE! - in com.Restaurante.RestauranteBackendApplicationTests
com.Restaurante.RestauranteBackendApplicationTests  Time elapsed: 1.337 s  <<< ERROR!
java.lang.IllegalStateException: Unable to find a @SpringBootConfiguration, you need to use @ContextConfiguration or @SpringBootTest(classes=...) with your test

